<?xml version="1.0" encoding="UTF-8"?>
<!-- Generated by org.testng.reporters.JUnitReportReporter -->
<testsuite hostname="win2019" failures="0" tests="1" name="com.AlertHandling.Rediffmail" time="11.753" errors="0" timestamp="2024-08-22T03:28:12 PDT" skipped="0">
  <testcase classname="com.AlertHandling.Rediffmail" name="rediff" time="11.753"/>
  <system-out/>
</testsuite> <!-- com.AlertHandling.Rediffmail -->
